<?xml version="1.0" encoding="UTF-8"?>
<!-- Generated by org.testng.reporters.JUnitReportReporter -->
<testsuite hostname="SSTPRLAP002" name="test3.test3.GridExampleTest" tests="1" failures="0" timestamp="20 Sep 2018 12:45:34 GMT" time="1.525" errors="0">
  <testcase name="testGooglePageTitleInIEBrowser" time="1.525" classname="test3.test3.GridExampleTest"/>
</testsuite> <!-- test3.test3.GridExampleTest -->
