<?xml version="1.0" encoding="UTF-8"?>
<!-- Generated by org.testng.reporters.JUnitReportReporter -->
<testsuite hostname="SSTPRLAP002" name="test3.test3.ParallelExec" tests="2" failures="0" timestamp="20 Sep 2018 12:46:22 GMT" time="0.400" errors="0">
  <testcase name="f" time="0.349" classname="test3.test3.ParallelExec"/>
  <testcase name="f" time="0.051" classname="test3.test3.ParallelExec"/>
</testsuite> <!-- test3.test3.ParallelExec -->
